D:\MYEFFORT\CEFFORT\CDEMO\CDEMO2\DEBUG\CDEMO2.EXE.INTERMEDIATE.MANIFEST
D:\myeffort\ceffort\cdemo\cdemo2\Debug\cdemo2.write.1.tlog
D:\myeffort\ceffort\cdemo\cdemo2\Debug\cl.command.1.tlog
D:\myeffort\ceffort\cdemo\cdemo2\Debug\CL.read.1.tlog
D:\myeffort\ceffort\cdemo\cdemo2\Debug\CL.write.1.tlog
D:\MYEFFORT\CEFFORT\CDEMO\CDEMO2\DEBUG\DEMO09.OBJ
D:\MYEFFORT\CEFFORT\CDEMO\CDEMO2\DEBUG\DEMO10.OBJ
D:\MYEFFORT\CEFFORT\CDEMO\CDEMO2\DEBUG\DEMO11.OBJ
D:\MYEFFORT\CEFFORT\CDEMO\CDEMO2\DEBUG\DEMO12.OBJ
D:\myeffort\ceffort\cdemo\cdemo2\Debug\link.command.1.tlog
D:\myeffort\ceffort\cdemo\cdemo2\Debug\link.read.1.tlog
D:\myeffort\ceffort\cdemo\cdemo2\Debug\link.write.1.tlog
D:\myeffort\ceffort\cdemo\cdemo2\Debug\mt.command.1.tlog
D:\myeffort\ceffort\cdemo\cdemo2\Debug\mt.read.1.tlog
D:\myeffort\ceffort\cdemo\cdemo2\Debug\mt.write.1.tlog
D:\MYEFFORT\CEFFORT\CDEMO\CDEMO2\DEBUG\STR.OBJ
D:\MYEFFORT\CEFFORT\CDEMO\CDEMO2\DEBUG\TEST02.OBJ
D:\myeffort\ceffort\cdemo\cdemo2\Debug\vc100.idb
D:\MYEFFORT\CEFFORT\CDEMO\CDEMO2\DEBUG\VC100.PDB
D:\MYEFFORT\CEFFORT\CDEMO\DEBUG\CDEMO2.EXE
D:\MYEFFORT\CEFFORT\CDEMO\DEBUG\CDEMO2.ILK
D:\MYEFFORT\CEFFORT\CDEMO\DEBUG\CDEMO2.PDB
